d:\coding\opengl\project\chrenoengine\chreno\debug\vc142.pdb
d:\coding\opengl\project\chrenoengine\chreno\debug\vc142.idb
d:\coding\opengl\project\chrenoengine\chreno\debug\ui_transformeditor.obj
d:\coding\opengl\project\chrenoengine\chreno\debug\shader.obj
d:\coding\opengl\project\chrenoengine\chreno\debug\sceneinfomanager.obj
d:\coding\opengl\project\chrenoengine\chreno\debug\engine.obj
d:\coding\opengl\project\chrenoengine\chreno\debug\renderer.obj
d:\coding\opengl\project\chrenoengine\chreno\debug\mesh.obj
d:\coding\opengl\project\chrenoengine\chreno\debug\indexbuffer.obj
d:\coding\opengl\project\chrenoengine\chreno\debug\entityinstance.obj
d:\coding\opengl\project\chrenoengine\chreno\debug\entity.obj
d:\coding\opengl\project\chrenoengine\chreno\debug\main.obj
d:\coding\opengl\project\chrenoengine\chreno\debug\inputmanager.obj
d:\coding\opengl\project\chrenoengine\chreno\debug\imgui_widgets.obj
d:\coding\opengl\project\chrenoengine\chreno\debug\imgui_impl_opengl3.obj
d:\coding\opengl\project\chrenoengine\chreno\debug\imgui_impl_glfw.obj
d:\coding\opengl\project\chrenoengine\chreno\debug\imgui_draw.obj
d:\coding\opengl\project\chrenoengine\chreno\debug\imgui_demo.obj
d:\coding\opengl\project\chrenoengine\chreno\debug\imgui.obj
d:\coding\opengl\project\chrenoengine\chreno\debug\entitymanager.obj
d:\coding\opengl\project\chrenoengine\chreno\debug\camera.obj
d:\coding\opengl\project\chrenoengine\chreno\debug\application.obj
d:\coding\opengl\project\chrenoengine\chreno\debug\vertexbufferlayout.obj
d:\coding\opengl\project\chrenoengine\chreno\debug\vertexbuffer.obj
d:\coding\opengl\project\chrenoengine\chreno\debug\vertexarray.obj
d:\coding\opengl\project\chrenoengine\chreno\debug\uimanager.obj
d:\coding\opengl\project\chrenoengine\chreno\debug\transform.obj
d:\coding\opengl\project\chrenoengine\chreno\debug\mathutil.obj
d:\coding\opengl\project\chrenoengine\chreno\debug\wireframeentity.obj
d:\coding\opengl\project\chrenoengine\debug\chreno.exe
d:\coding\opengl\project\chrenoengine\debug\chreno.ilk
d:\coding\opengl\project\chrenoengine\debug\chreno.pdb
d:\coding\opengl\project\chrenoengine\chreno\debug\camerainstance.obj
d:\coding\opengl\project\chrenoengine\chreno\debug\chreno.tlog\cl.command.1.tlog
d:\coding\opengl\project\chrenoengine\chreno\debug\chreno.tlog\cl.read.1.tlog
d:\coding\opengl\project\chrenoengine\chreno\debug\chreno.tlog\cl.write.1.tlog
d:\coding\opengl\project\chrenoengine\chreno\debug\chreno.tlog\link.command.1.tlog
d:\coding\opengl\project\chrenoengine\chreno\debug\chreno.tlog\link.read.1.tlog
d:\coding\opengl\project\chrenoengine\chreno\debug\chreno.tlog\link.write.1.tlog
